#
# A fatal error has been detected by the Java Runtime Environment:
#
#  Internal Error (javaClasses.cpp:129), pid=793, tid=3064503104
#  fatal error: Invalid layout of preloaded class
#
# JRE version: 7.0_17-b02
# Java VM: OpenJDK Client VM (23.7-b01 mixed mode linux-x86 )
# Failed to write core dump. Core dumps have been disabled. To enable core dumping, try "ulimit -c unlimited" before starting Java again
#
# If you would like to submit a bug report, please include
# instructions on how to reproduce the bug and visit:
#   http://icedtea.classpath.org/bugzilla
#

---------------  T H R E A D  ---------------

Current thread (0xb6905800):  JavaThread "Unknown thread" [_thread_in_vm, id=794, stack(0xb6a39000,0xb6a8a000)]

Stack: [0xb6a39000,0xb6a8a000]
[error occurred during error reporting (printing stack bounds), id 0xb]


[error occurred during error reporting (printing native stack), id 0xb]


---------------  P R O C E S S  ---------------

Java Threads: ( => current thread )

Other Threads:

=>0xb6905800 (exited) JavaThread "Unknown thread" [_thread_in_vm, id=794, stack(0xb6a39000,0xb6a8a000)]

VM state:not at safepoint (not fully initialized)

VM Mutex/Monitor currently owned by a thread: None

GC Heap History (0 events):
No events

Deoptimization events (0 events):
No events

Internal exceptions (0 events):
No events

Events (10 events):
Event: 0.012 loading class 0xb692d368 done
Event: 0.016 loading class 0xb692cca8 done
Event: 0.016 loading class 0xb692cc80
Event: 0.016 loading class 0xb694cb38
Event: 0.016 loading class 0xb694cb38 done
Event: 0.016 loading class 0xb694cb70
Event: 0.016 loading class 0xb694cb70 done
Event: 0.016 loading class 0xb694cba8
Event: 0.016 loading class 0xb694cba8 done
Event: 0.016 loading class 0xb692cc80 done


Dynamic libraries:
08048000-08049000 r-xp 00000000 08:01 1607520    /usr/lib/jvm/java-7-openjdk/jre/bin/java
08049000-0804a000 rw-p 00000000 08:01 1607520    /usr/lib/jvm/java-7-openjdk/jre/bin/java
09aa2000-09ac3000 rw-p 00000000 00:00 0          [heap]
9057a000-9059e000 rw-p 00000000 00:00 0 
9059e000-90663000 r--s 0115c000 08:01 2359211    /home/james/adt-bundle-linux-x86/sdk/platforms/android-4.2/android.jar
90663000-9066a000 rw-p 00000000 00:00 0 
9066a000-90684000 rw-p 00000000 00:00 0 
90684000-9068a000 rw-p 00000000 00:00 0 
9068a000-9072f000 rw-p 00000000 00:00 0 
9072f000-90732000 rw-p 00000000 00:00 0 
90732000-90784000 rw-p 00000000 00:00 0 
90784000-9078a000 rw-p 00000000 00:00 0 
9078a000-9082f000 rw-p 00000000 00:00 0 
9082f000-90835000 rw-p 00000000 00:00 0 
90835000-9084f000 rw-p 00000000 00:00 0 
9084f000-90da0000 rw-p 00000000 00:00 0 
90da0000-9b2f0000 rw-p 00000000 00:00 0 
9b2f0000-9bda0000 rw-p 00000000 00:00 0 
9bda0000-b0850000 rw-p 00000000 00:00 0 
b0850000-b1450000 rw-p 00000000 00:00 0 
b1450000-b4850000 rw-p 00000000 00:00 0 
b485a000-b485b000 rw-p 00000000 00:00 0 
b485b000-b48da000 rw-p 00000000 00:00 0 
b48da000-b490a000 rwxp 00000000 00:00 0 
b490a000-b68da000 rw-p 00000000 00:00 0 
b68da000-b68e5000 r-xp 00000000 08:01 1569894    /usr/lib/libnss_files-2.17.so
b68e5000-b68e6000 r--p 0000a000 08:01 1569894    /usr/lib/libnss_files-2.17.so
b68e6000-b68e7000 rw-p 0000b000 08:01 1569894    /usr/lib/libnss_files-2.17.so
b6900000-b6957000 rw-p 00000000 00:00 0 
b6957000-b6a00000 ---p 00000000 00:00 0 
b6a00000-b6a08000 r-xp 00000000 08:01 1597235    /usr/lib/jvm/java-7-openjdk/jre/lib/i386/libzip.so
b6a08000-b6a09000 rw-p 00007000 08:01 1597235    /usr/lib/jvm/java-7-openjdk/jre/lib/i386/libzip.so
b6a09000-b6a2f000 r-xp 00000000 08:01 1597247    /usr/lib/jvm/java-7-openjdk/jre/lib/i386/libjava.so
b6a2f000-b6a30000 rw-p 00026000 08:01 1597247    /usr/lib/jvm/java-7-openjdk/jre/lib/i386/libjava.so
b6a30000-b6a37000 r-xp 00000000 08:01 1569830    /usr/lib/librt-2.17.so
b6a37000-b6a38000 r--p 00006000 08:01 1569830    /usr/lib/librt-2.17.so
b6a38000-b6a39000 rw-p 00007000 08:01 1569830    /usr/lib/librt-2.17.so
b6a39000-b6a3c000 ---p 00000000 00:00 0 
b6a3c000-b6a8a000 rw-p 00000000 00:00 0          [stack:794]
b6a8a000-b6aa6000 r-xp 00000000 08:01 1572857    /usr/lib/libgcc_s.so.1
b6aa6000-b6aa7000 rw-p 0001b000 08:01 1572857    /usr/lib/libgcc_s.so.1
b6aa7000-b6ae8000 r-xp 00000000 08:01 1569828    /usr/lib/libm-2.17.so
b6ae8000-b6ae9000 r--p 00040000 08:01 1569828    /usr/lib/libm-2.17.so
b6ae9000-b6aea000 rw-p 00041000 08:01 1569828    /usr/lib/libm-2.17.so
b6aea000-b6bc6000 r-xp 00000000 08:01 1572838    /usr/lib/libstdc++.so.6.0.17
b6bc6000-b6bc7000 ---p 000dc000 08:01 1572838    /usr/lib/libstdc++.so.6.0.17
b6bc7000-b6bcb000 r--p 000dc000 08:01 1572838    /usr/lib/libstdc++.so.6.0.17
b6bcb000-b6bcc000 rw-p 000e0000 08:01 1572838    /usr/lib/libstdc++.so.6.0.17
b6bcc000-b6bd3000 rw-p 00000000 00:00 0 
b6bd3000-b718a000 r-xp 00000000 08:01 1605601    /usr/lib/jvm/java-7-openjdk/jre/lib/i386/client/libjvm.so
b718a000-b71af000 rw-p 005b7000 08:01 1605601    /usr/lib/jvm/java-7-openjdk/jre/lib/i386/client/libjvm.so
b71af000-b75c9000 rw-p 00000000 00:00 0 
b75c9000-b7774000 r-xp 00000000 08:01 1569827    /usr/lib/libc-2.17.so
b7774000-b7776000 r--p 001ab000 08:01 1569827    /usr/lib/libc-2.17.so
b7776000-b7777000 rw-p 001ad000 08:01 1569827    /usr/lib/libc-2.17.so
b7777000-b777a000 rw-p 00000000 00:00 0 
b777a000-b777d000 r-xp 00000000 08:01 1569874    /usr/lib/libdl-2.17.so
b777d000-b777e000 r--p 00002000 08:01 1569874    /usr/lib/libdl-2.17.so
b777e000-b777f000 rw-p 00003000 08:01 1569874    /usr/lib/libdl-2.17.so
b777f000-b7780000 rw-p 00000000 00:00 0 
b7780000-b7795000 r-xp 00000000 08:01 1576120    /usr/lib/libz.so.1.2.7
b7795000-b7796000 r--p 00014000 08:01 1576120    /usr/lib/libz.so.1.2.7
b7796000-b7797000 rw-p 00015000 08:01 1576120    /usr/lib/libz.so.1.2.7
b7797000-b77a3000 r-xp 00000000 08:01 1605604    /usr/lib/jvm/java-7-openjdk/jre/lib/i386/jli/libjli.so
b77a3000-b77a4000 rw-p 0000c000 08:01 1605604    /usr/lib/jvm/java-7-openjdk/jre/lib/i386/jli/libjli.so
b77a4000-b77bb000 r-xp 00000000 08:01 1569868    /usr/lib/libpthread-2.17.so
b77bb000-b77bc000 r--p 00016000 08:01 1569868    /usr/lib/libpthread-2.17.so
b77bc000-b77bd000 rw-p 00017000 08:01 1569868    /usr/lib/libpthread-2.17.so
b77bd000-b77bf000 rw-p 00000000 00:00 0 
b77c2000-b77ca000 rw-s 00000000 00:1d 11089      /tmp/hsperfdata_james/793
b77ca000-b77cb000 rw-p 00000000 00:00 0 
b77cb000-b77cc000 r--p 00000000 00:00 0 
b77cc000-b77d7000 r-xp 00000000 08:01 1597228    /usr/lib/jvm/java-7-openjdk/jre/lib/i386/libverify.so
b77d7000-b77d8000 rw-p 0000a000 08:01 1597228    /usr/lib/jvm/java-7-openjdk/jre/lib/i386/libverify.so
b77d8000-b77d9000 rw-p 00000000 00:00 0 
b77d9000-b77da000 r-xp 00000000 00:00 0          [vdso]
b77da000-b77fa000 r-xp 00000000 08:01 1569870    /usr/lib/ld-2.17.so
b77fa000-b77fb000 r--p 0001f000 08:01 1569870    /usr/lib/ld-2.17.so
b77fb000-b77fc000 rw-p 00020000 08:01 1569870    /usr/lib/ld-2.17.so
bfdb7000-bfdd8000 rw-p 00000000 00:00 0          [stack]

VM Arguments:
jvm_args: -Dfile.encoding=ANSI_X3.4-1968 -Xbootclasspath:/home/james/adt-bundle-linux-x86/sdk/platforms/android-4.2/android.jar 
java_command: com.james.erebus.networking.MatchRetriever
Launcher Type: SUN_STANDARD

Environment Variables:
JAVA_HOME=/usr/lib/jvm/java-7-openjdk
PATH=/usr/local/apache-maven-3.0.x/bin:/usr/local/bin:/usr/bin:/bin:/usr/local/sbin:/usr/sbin:/sbin:/opt/maven/bin:/usr/bin/core_perl:/home/james/android-sdk/adt-bundle-linux-x86/sdk/tools:/home/james/android-sdk/adt-bundle-linux-x86/sdk/platform-tools:/opt/maven/bin
USERNAME=james
LD_LIBRARY_PATH=/usr/lib/jvm/java-7-openjdk/jre/lib/i386/client:/usr/lib/jvm/java-7-openjdk/jre/lib/i386:
SHELL=/bin/bash
DISPLAY=:0.0

Signal Handlers:
SIGSEGV: [libjvm.so+0x49e8d0], sa_mask[0]=0x7ffbfeff, sa_flags=0x10000004
SIGBUS: [libjvm.so+0x49e8d0], sa_mask[0]=0x7ffbfeff, sa_flags=0x10000004
SIGFPE: [libjvm.so+0x39d0d0], sa_mask[0]=0x7ffbfeff, sa_flags=0x10000004
SIGPIPE: [libjvm.so+0x39d0d0], sa_mask[0]=0x7ffbfeff, sa_flags=0x10000004
SIGXFSZ: [libjvm.so+0x39d0d0], sa_mask[0]=0x7ffbfeff, sa_flags=0x10000004
SIGILL: [libjvm.so+0x39d0d0], sa_mask[0]=0x7ffbfeff, sa_flags=0x10000004
SIGUSR1: SIG_DFL, sa_mask[0]=0x00000000, sa_flags=0x00000000
SIGUSR2: [libjvm.so+0x39cf80], sa_mask[0]=0x00000004, sa_flags=0x10000004
SIGHUP: SIG_DFL, sa_mask[0]=0x00000000, sa_flags=0x00000000
SIGINT: SIG_DFL, sa_mask[0]=0x00000000, sa_flags=0x00000000
SIGTERM: SIG_DFL, sa_mask[0]=0x00000000, sa_flags=0x00000000
SIGQUIT: SIG_DFL, sa_mask[0]=0x00000000, sa_flags=0x00000000


---------------  S Y S T E M  ---------------

OS:Linux
uname:Linux 3.8.4-1-ARCH #1 SMP PREEMPT Thu Mar 21 07:58:46 CET 2013 i686
libc:glibc 2.17 NPTL 2.17 
rlimit: STACK 8192k, CORE 0k, NPROC 28300, NOFILE 4096, AS infinity
load average:0.02 0.18 0.13

/proc/meminfo:
MemTotal:        3625912 kB
MemFree:         2852904 kB
Buffers:           33740 kB
Cached:           259552 kB
SwapCached:            0 kB
Active:           542548 kB
Inactive:         202676 kB
Active(anon):     452168 kB
Inactive(anon):     3084 kB
Active(file):      90380 kB
Inactive(file):   199592 kB
Unevictable:           0 kB
Mlocked:               0 kB
HighTotal:       2760648 kB
HighFree:        2046816 kB
LowTotal:         865264 kB
LowFree:          806088 kB
SwapTotal:             0 kB
SwapFree:              0 kB
Dirty:               128 kB
Writeback:             0 kB
AnonPages:        452028 kB
Mapped:            65648 kB
Shmem:              3324 kB
Slab:              18860 kB
SReclaimable:      13116 kB
SUnreclaim:         5744 kB
KernelStack:        1232 kB
PageTables:         2096 kB
NFS_Unstable:          0 kB
Bounce:                0 kB
WritebackTmp:          0 kB
CommitLimit:     1812956 kB
Committed_AS:    3113576 kB
VmallocTotal:     122880 kB
VmallocUsed:       48936 kB
VmallocChunk:      68472 kB
HardwareCorrupted:     0 kB
AnonHugePages:    339968 kB
HugePages_Total:       0
HugePages_Free:        0
HugePages_Rsvd:        0
HugePages_Surp:        0
Hugepagesize:       4096 kB
DirectMap4k:       12280 kB
DirectMap4M:      897024 kB


CPU:total 1 (1 cores per cpu, 1 threads per core) family 6 model 58 stepping 9, cmov, cx8, fxsr, mmx, sse, sse2, sse3, ssse3, tsc

/proc/cpuinfo:
processor	: 0
vendor_id	: GenuineIntel
cpu family	: 6
model		: 58
model name	: Intel(R) Core(TM) i5-3570K CPU @ 3.40GHz
stepping	: 9
cpu MHz		: 3273.712
cache size	: 6144 KB
fdiv_bug	: no
hlt_bug		: no
f00f_bug	: no
coma_bug	: no
fpu		: yes
fpu_exception	: yes
cpuid level	: 5
wp		: yes
flags		: fpu vme de pse tsc msr pae mce cx8 apic sep mtrr pge mca cmov pat pse36 clflush mmx fxsr sse sse2 syscall nx rdtscp lm constant_tsc pni monitor ssse3 lahf_lm
bogomips	: 6550.23
clflush size	: 64
cache_alignment	: 64
address sizes	: 36 bits physical, 48 bits virtual
power management:



Memory: 4k page, physical 3625912k(2852904k free), swap 0k(0k free)

vm_info: OpenJDK Client VM (23.7-b01) for linux-x86 JRE (1.7.0_17-b02), built on Mar 12 2013 17:57:40 by "nobody" with gcc 4.7.2

time: Sat Mar 30 11:20:50 2013
elapsed time: 0 seconds

