#
# A fatal error has been detected by the Java Runtime Environment:
#
#  Internal Error (javaClasses.cpp:129), pid=774, tid=3064105792
#  fatal error: Invalid layout of preloaded class
#
# JRE version: 7.0_17-b02
# Java VM: OpenJDK Client VM (23.7-b01 mixed mode linux-x86 )
# Failed to write core dump. Core dumps have been disabled. To enable core dumping, try "ulimit -c unlimited" before starting Java again
#
# If you would like to submit a bug report, please include
# instructions on how to reproduce the bug and visit:
#   http://icedtea.classpath.org/bugzilla
#

---------------  T H R E A D  ---------------

Current thread (0xb6805800):  JavaThread "Unknown thread" [_thread_in_vm, id=776, stack(0xb69d8000,0xb6a29000)]

Stack: [0xb69d8000,0xb6a29000]
[error occurred during error reporting (printing stack bounds), id 0xb]


[error occurred during error reporting (printing native stack), id 0xb]


---------------  P R O C E S S  ---------------

Java Threads: ( => current thread )

Other Threads:

=>0xb6805800 (exited) JavaThread "Unknown thread" [_thread_in_vm, id=776, stack(0xb69d8000,0xb6a29000)]

VM state:not at safepoint (not fully initialized)

VM Mutex/Monitor currently owned by a thread: None

GC Heap History (0 events):
No events

Deoptimization events (0 events):
No events

Internal exceptions (0 events):
No events

Events (10 events):
Event: 0.005 loading class 0xb682d368 done
Event: 0.005 loading class 0xb682cca8 done
Event: 0.005 loading class 0xb682cc80
Event: 0.005 loading class 0xb684cb38
Event: 0.005 loading class 0xb684cb38 done
Event: 0.005 loading class 0xb684cb70
Event: 0.005 loading class 0xb684cb70 done
Event: 0.005 loading class 0xb684cba8
Event: 0.005 loading class 0xb684cba8 done
Event: 0.005 loading class 0xb682cc80 done


Dynamic libraries:
08048000-08049000 r-xp 00000000 08:01 1607520    /usr/lib/jvm/java-7-openjdk/jre/bin/java
08049000-0804a000 rw-p 00000000 08:01 1607520    /usr/lib/jvm/java-7-openjdk/jre/bin/java
0a014000-0a035000 rw-p 00000000 00:00 0          [heap]
9052a000-9054e000 rw-p 00000000 00:00 0 
9054e000-90613000 r--s 0115c000 08:01 2359211    /home/james/adt-bundle-linux-x86/sdk/platforms/android-4.2/android.jar
90613000-9061a000 rw-p 00000000 00:00 0 
9061a000-90634000 rw-p 00000000 00:00 0 
90634000-9063a000 rw-p 00000000 00:00 0 
9063a000-906df000 rw-p 00000000 00:00 0 
906df000-906e2000 rw-p 00000000 00:00 0 
906e2000-90734000 rw-p 00000000 00:00 0 
90734000-9073a000 rw-p 00000000 00:00 0 
9073a000-907df000 rw-p 00000000 00:00 0 
907df000-907e5000 rw-p 00000000 00:00 0 
907e5000-907ff000 rw-p 00000000 00:00 0 
907ff000-90d50000 rw-p 00000000 00:00 0 
90d50000-9b2a0000 rw-p 00000000 00:00 0 
9b2a0000-9bd50000 rw-p 00000000 00:00 0 
9bd50000-b0800000 rw-p 00000000 00:00 0 
b0800000-b1400000 rw-p 00000000 00:00 0 
b1400000-b4800000 rw-p 00000000 00:00 0 
b4800000-b4830000 rwxp 00000000 00:00 0 
b4830000-b6857000 rw-p 00000000 00:00 0 
b6857000-b6900000 ---p 00000000 00:00 0 
b6902000-b6903000 rw-p 00000000 00:00 0 
b6903000-b6982000 rw-p 00000000 00:00 0 
b6982000-b698d000 r-xp 00000000 08:01 1569894    /usr/lib/libnss_files-2.17.so
b698d000-b698e000 r--p 0000a000 08:01 1569894    /usr/lib/libnss_files-2.17.so
b698e000-b698f000 rw-p 0000b000 08:01 1569894    /usr/lib/libnss_files-2.17.so
b699f000-b69a7000 r-xp 00000000 08:01 1597235    /usr/lib/jvm/java-7-openjdk/jre/lib/i386/libzip.so
b69a7000-b69a8000 rw-p 00007000 08:01 1597235    /usr/lib/jvm/java-7-openjdk/jre/lib/i386/libzip.so
b69a8000-b69ce000 r-xp 00000000 08:01 1597247    /usr/lib/jvm/java-7-openjdk/jre/lib/i386/libjava.so
b69ce000-b69cf000 rw-p 00026000 08:01 1597247    /usr/lib/jvm/java-7-openjdk/jre/lib/i386/libjava.so
b69cf000-b69d6000 r-xp 00000000 08:01 1569830    /usr/lib/librt-2.17.so
b69d6000-b69d7000 r--p 00006000 08:01 1569830    /usr/lib/librt-2.17.so
b69d7000-b69d8000 rw-p 00007000 08:01 1569830    /usr/lib/librt-2.17.so
b69d8000-b69db000 ---p 00000000 00:00 0 
b69db000-b6a29000 rw-p 00000000 00:00 0          [stack:776]
b6a29000-b6a45000 r-xp 00000000 08:01 1572857    /usr/lib/libgcc_s.so.1
b6a45000-b6a46000 rw-p 0001b000 08:01 1572857    /usr/lib/libgcc_s.so.1
b6a46000-b6a87000 r-xp 00000000 08:01 1569828    /usr/lib/libm-2.17.so
b6a87000-b6a88000 r--p 00040000 08:01 1569828    /usr/lib/libm-2.17.so
b6a88000-b6a89000 rw-p 00041000 08:01 1569828    /usr/lib/libm-2.17.so
b6a89000-b6b65000 r-xp 00000000 08:01 1572838    /usr/lib/libstdc++.so.6.0.17
b6b65000-b6b66000 ---p 000dc000 08:01 1572838    /usr/lib/libstdc++.so.6.0.17
b6b66000-b6b6a000 r--p 000dc000 08:01 1572838    /usr/lib/libstdc++.so.6.0.17
b6b6a000-b6b6b000 rw-p 000e0000 08:01 1572838    /usr/lib/libstdc++.so.6.0.17
b6b6b000-b6b72000 rw-p 00000000 00:00 0 
b6b72000-b7129000 r-xp 00000000 08:01 1605601    /usr/lib/jvm/java-7-openjdk/jre/lib/i386/client/libjvm.so
b7129000-b714e000 rw-p 005b7000 08:01 1605601    /usr/lib/jvm/java-7-openjdk/jre/lib/i386/client/libjvm.so
b714e000-b7568000 rw-p 00000000 00:00 0 
b7568000-b7713000 r-xp 00000000 08:01 1569827    /usr/lib/libc-2.17.so
b7713000-b7715000 r--p 001ab000 08:01 1569827    /usr/lib/libc-2.17.so
b7715000-b7716000 rw-p 001ad000 08:01 1569827    /usr/lib/libc-2.17.so
b7716000-b7719000 rw-p 00000000 00:00 0 
b7719000-b771c000 r-xp 00000000 08:01 1569874    /usr/lib/libdl-2.17.so
b771c000-b771d000 r--p 00002000 08:01 1569874    /usr/lib/libdl-2.17.so
b771d000-b771e000 rw-p 00003000 08:01 1569874    /usr/lib/libdl-2.17.so
b771e000-b771f000 rw-p 00000000 00:00 0 
b771f000-b7734000 r-xp 00000000 08:01 1576120    /usr/lib/libz.so.1.2.7
b7734000-b7735000 r--p 00014000 08:01 1576120    /usr/lib/libz.so.1.2.7
b7735000-b7736000 rw-p 00015000 08:01 1576120    /usr/lib/libz.so.1.2.7
b7736000-b7742000 r-xp 00000000 08:01 1605604    /usr/lib/jvm/java-7-openjdk/jre/lib/i386/jli/libjli.so
b7742000-b7743000 rw-p 0000c000 08:01 1605604    /usr/lib/jvm/java-7-openjdk/jre/lib/i386/jli/libjli.so
b7743000-b775a000 r-xp 00000000 08:01 1569868    /usr/lib/libpthread-2.17.so
b775a000-b775b000 r--p 00016000 08:01 1569868    /usr/lib/libpthread-2.17.so
b775b000-b775c000 rw-p 00017000 08:01 1569868    /usr/lib/libpthread-2.17.so
b775c000-b775e000 rw-p 00000000 00:00 0 
b7761000-b7769000 rw-s 00000000 00:1d 10931      /tmp/hsperfdata_james/774
b7769000-b776a000 rw-p 00000000 00:00 0 
b776a000-b776b000 r--p 00000000 00:00 0 
b776b000-b7776000 r-xp 00000000 08:01 1597228    /usr/lib/jvm/java-7-openjdk/jre/lib/i386/libverify.so
b7776000-b7777000 rw-p 0000a000 08:01 1597228    /usr/lib/jvm/java-7-openjdk/jre/lib/i386/libverify.so
b7777000-b7778000 rw-p 00000000 00:00 0 
b7778000-b7779000 r-xp 00000000 00:00 0          [vdso]
b7779000-b7799000 r-xp 00000000 08:01 1569870    /usr/lib/ld-2.17.so
b7799000-b779a000 r--p 0001f000 08:01 1569870    /usr/lib/ld-2.17.so
b779a000-b779b000 rw-p 00020000 08:01 1569870    /usr/lib/ld-2.17.so
bfc93000-bfcb4000 rw-p 00000000 00:00 0          [stack]

VM Arguments:
jvm_args: -Dfile.encoding=ANSI_X3.4-1968 -Xbootclasspath:/home/james/adt-bundle-linux-x86/sdk/platforms/android-4.2/android.jar 
java_command: com.james.erebus.networking.MatchRetriever
Launcher Type: SUN_STANDARD

Environment Variables:
JAVA_HOME=/usr/lib/jvm/java-7-openjdk
PATH=/usr/local/apache-maven-3.0.x/bin:/usr/local/bin:/usr/bin:/bin:/usr/local/sbin:/usr/sbin:/sbin:/opt/maven/bin:/usr/bin/core_perl:/home/james/android-sdk/adt-bundle-linux-x86/sdk/tools:/home/james/android-sdk/adt-bundle-linux-x86/sdk/platform-tools:/opt/maven/bin
USERNAME=james
LD_LIBRARY_PATH=/usr/lib/jvm/java-7-openjdk/jre/lib/i386/client:/usr/lib/jvm/java-7-openjdk/jre/lib/i386:
SHELL=/bin/bash
DISPLAY=:0.0

Signal Handlers:
SIGSEGV: [libjvm.so+0x49e8d0], sa_mask[0]=0x7ffbfeff, sa_flags=0x10000004
SIGBUS: [libjvm.so+0x49e8d0], sa_mask[0]=0x7ffbfeff, sa_flags=0x10000004
SIGFPE: [libjvm.so+0x39d0d0], sa_mask[0]=0x7ffbfeff, sa_flags=0x10000004
SIGPIPE: [libjvm.so+0x39d0d0], sa_mask[0]=0x7ffbfeff, sa_flags=0x10000004
SIGXFSZ: [libjvm.so+0x39d0d0], sa_mask[0]=0x7ffbfeff, sa_flags=0x10000004
SIGILL: [libjvm.so+0x39d0d0], sa_mask[0]=0x7ffbfeff, sa_flags=0x10000004
SIGUSR1: SIG_DFL, sa_mask[0]=0x00000000, sa_flags=0x00000000
SIGUSR2: [libjvm.so+0x39cf80], sa_mask[0]=0x00000004, sa_flags=0x10000004
SIGHUP: SIG_DFL, sa_mask[0]=0x00000000, sa_flags=0x00000000
SIGINT: SIG_DFL, sa_mask[0]=0x00000000, sa_flags=0x00000000
SIGTERM: SIG_DFL, sa_mask[0]=0x00000000, sa_flags=0x00000000
SIGQUIT: SIG_DFL, sa_mask[0]=0x00000000, sa_flags=0x00000000


---------------  S Y S T E M  ---------------

OS:Linux
uname:Linux 3.8.4-1-ARCH #1 SMP PREEMPT Thu Mar 21 07:58:46 CET 2013 i686
libc:glibc 2.17 NPTL 2.17 
rlimit: STACK 8192k, CORE 0k, NPROC 28300, NOFILE 4096, AS infinity
load average:0.04 0.20 0.14

/proc/meminfo:
MemTotal:        3625912 kB
MemFree:         2912764 kB
Buffers:           33680 kB
Cached:           255676 kB
SwapCached:            0 kB
Active:           486704 kB
Inactive:         199000 kB
Active(anon):     396560 kB
Inactive(anon):     3084 kB
Active(file):      90144 kB
Inactive(file):   195916 kB
Unevictable:           0 kB
Mlocked:               0 kB
HighTotal:       2760648 kB
HighFree:        2106388 kB
LowTotal:         865264 kB
LowFree:          806376 kB
SwapTotal:             0 kB
SwapFree:              0 kB
Dirty:               508 kB
Writeback:             0 kB
AnonPages:        392276 kB
Mapped:            63316 kB
Shmem:              3324 kB
Slab:              18788 kB
SReclaimable:      13044 kB
SUnreclaim:         5744 kB
KernelStack:        1256 kB
PageTables:         1976 kB
NFS_Unstable:          0 kB
Bounce:                0 kB
WritebackTmp:          0 kB
CommitLimit:     1812956 kB
Committed_AS:    2323968 kB
VmallocTotal:     122880 kB
VmallocUsed:       48936 kB
VmallocChunk:      68472 kB
HardwareCorrupted:     0 kB
AnonHugePages:    282624 kB
HugePages_Total:       0
HugePages_Free:        0
HugePages_Rsvd:        0
HugePages_Surp:        0
Hugepagesize:       4096 kB
DirectMap4k:       12280 kB
DirectMap4M:      897024 kB


CPU:total 1 (1 cores per cpu, 1 threads per core) family 6 model 58 stepping 9, cmov, cx8, fxsr, mmx, sse, sse2, sse3, ssse3, tsc

/proc/cpuinfo:
processor	: 0
vendor_id	: GenuineIntel
cpu family	: 6
model		: 58
model name	: Intel(R) Core(TM) i5-3570K CPU @ 3.40GHz
stepping	: 9
cpu MHz		: 3273.712
cache size	: 6144 KB
fdiv_bug	: no
hlt_bug		: no
f00f_bug	: no
coma_bug	: no
fpu		: yes
fpu_exception	: yes
cpuid level	: 5
wp		: yes
flags		: fpu vme de pse tsc msr pae mce cx8 apic sep mtrr pge mca cmov pat pse36 clflush mmx fxsr sse sse2 syscall nx rdtscp lm constant_tsc pni monitor ssse3 lahf_lm
bogomips	: 6550.23
clflush size	: 64
cache_alignment	: 64
address sizes	: 36 bits physical, 48 bits virtual
power management:



Memory: 4k page, physical 3625912k(2912764k free), swap 0k(0k free)

vm_info: OpenJDK Client VM (23.7-b01) for linux-x86 JRE (1.7.0_17-b02), built on Mar 12 2013 17:57:40 by "nobody" with gcc 4.7.2

time: Sat Mar 30 11:20:15 2013
elapsed time: 0 seconds

