#
# A fatal error has been detected by the Java Runtime Environment:
#
#  Internal Error (javaClasses.cpp:129), pid=746, tid=3063937856
#  fatal error: Invalid layout of preloaded class
#
# JRE version: 7.0_17-b02
# Java VM: OpenJDK Client VM (23.7-b01 mixed mode linux-x86 )
# Failed to write core dump. Core dumps have been disabled. To enable core dumping, try "ulimit -c unlimited" before starting Java again
#
# If you would like to submit a bug report, please include
# instructions on how to reproduce the bug and visit:
#   http://icedtea.classpath.org/bugzilla
#

---------------  T H R E A D  ---------------

Current thread (0xb6805800):  JavaThread "Unknown thread" [_thread_in_vm, id=748, stack(0xb69af000,0xb6a00000)]

Stack: [0xb69af000,0xb6a00000]
[error occurred during error reporting (printing stack bounds), id 0xb]


[error occurred during error reporting (printing native stack), id 0xb]


---------------  P R O C E S S  ---------------

Java Threads: ( => current thread )

Other Threads:

=>0xb6805800 (exited) JavaThread "Unknown thread" [_thread_in_vm, id=748, stack(0xb69af000,0xb6a00000)]

VM state:not at safepoint (not fully initialized)

VM Mutex/Monitor currently owned by a thread: None

GC Heap History (0 events):
No events

Deoptimization events (0 events):
No events

Internal exceptions (0 events):
No events

Events (10 events):
Event: 0.006 loading class 0xb682d368 done
Event: 0.012 loading class 0xb682cca8 done
Event: 0.012 loading class 0xb682cc80
Event: 0.012 loading class 0xb684cb38
Event: 0.012 loading class 0xb684cb38 done
Event: 0.012 loading class 0xb684cb70
Event: 0.012 loading class 0xb684cb70 done
Event: 0.012 loading class 0xb684cba8
Event: 0.013 loading class 0xb684cba8 done
Event: 0.013 loading class 0xb682cc80 done


Dynamic libraries:
08048000-08049000 r-xp 00000000 08:01 1607520    /usr/lib/jvm/java-7-openjdk/jre/bin/java
08049000-0804a000 rw-p 00000000 08:01 1607520    /usr/lib/jvm/java-7-openjdk/jre/bin/java
097ad000-097ce000 rw-p 00000000 00:00 0          [heap]
904ef000-905b4000 r--s 0115c000 08:01 2359211    /home/james/adt-bundle-linux-x86/sdk/platforms/android-4.2/android.jar
905b4000-905ba000 rw-p 00000000 00:00 0 
905ba000-9065f000 rw-p 00000000 00:00 0 
9065f000-90662000 rw-p 00000000 00:00 0 
90662000-906b4000 rw-p 00000000 00:00 0 
906b4000-906ba000 rw-p 00000000 00:00 0 
906ba000-9075f000 rw-p 00000000 00:00 0 
9075f000-90765000 rw-p 00000000 00:00 0 
90765000-9077f000 rw-p 00000000 00:00 0 
9077f000-90cd0000 rw-p 00000000 00:00 0 
90cd0000-9b220000 rw-p 00000000 00:00 0 
9b220000-9bcd0000 rw-p 00000000 00:00 0 
9bcd0000-b0780000 rw-p 00000000 00:00 0 
b0780000-b1380000 rw-p 00000000 00:00 0 
b1380000-b4780000 rw-p 00000000 00:00 0 
b4780000-b4781000 rw-p 00000000 00:00 0 
b4781000-b4800000 rw-p 00000000 00:00 0 
b4800000-b4830000 rwxp 00000000 00:00 0 
b4830000-b6857000 rw-p 00000000 00:00 0 
b6857000-b6900000 ---p 00000000 00:00 0 
b6914000-b693f000 rw-p 00000000 00:00 0 
b693f000-b6959000 rw-p 00000000 00:00 0 
b6959000-b6964000 r-xp 00000000 08:01 1569894    /usr/lib/libnss_files-2.17.so
b6964000-b6965000 r--p 0000a000 08:01 1569894    /usr/lib/libnss_files-2.17.so
b6965000-b6966000 rw-p 0000b000 08:01 1569894    /usr/lib/libnss_files-2.17.so
b6976000-b697e000 r-xp 00000000 08:01 1597235    /usr/lib/jvm/java-7-openjdk/jre/lib/i386/libzip.so
b697e000-b697f000 rw-p 00007000 08:01 1597235    /usr/lib/jvm/java-7-openjdk/jre/lib/i386/libzip.so
b697f000-b69a5000 r-xp 00000000 08:01 1597247    /usr/lib/jvm/java-7-openjdk/jre/lib/i386/libjava.so
b69a5000-b69a6000 rw-p 00026000 08:01 1597247    /usr/lib/jvm/java-7-openjdk/jre/lib/i386/libjava.so
b69a6000-b69ad000 r-xp 00000000 08:01 1569830    /usr/lib/librt-2.17.so
b69ad000-b69ae000 r--p 00006000 08:01 1569830    /usr/lib/librt-2.17.so
b69ae000-b69af000 rw-p 00007000 08:01 1569830    /usr/lib/librt-2.17.so
b69af000-b69b2000 ---p 00000000 00:00 0 
b69b2000-b6a00000 rw-p 00000000 00:00 0          [stack:748]
b6a00000-b6a1c000 r-xp 00000000 08:01 1572857    /usr/lib/libgcc_s.so.1
b6a1c000-b6a1d000 rw-p 0001b000 08:01 1572857    /usr/lib/libgcc_s.so.1
b6a1d000-b6a5e000 r-xp 00000000 08:01 1569828    /usr/lib/libm-2.17.so
b6a5e000-b6a5f000 r--p 00040000 08:01 1569828    /usr/lib/libm-2.17.so
b6a5f000-b6a60000 rw-p 00041000 08:01 1569828    /usr/lib/libm-2.17.so
b6a60000-b6b3c000 r-xp 00000000 08:01 1572838    /usr/lib/libstdc++.so.6.0.17
b6b3c000-b6b3d000 ---p 000dc000 08:01 1572838    /usr/lib/libstdc++.so.6.0.17
b6b3d000-b6b41000 r--p 000dc000 08:01 1572838    /usr/lib/libstdc++.so.6.0.17
b6b41000-b6b42000 rw-p 000e0000 08:01 1572838    /usr/lib/libstdc++.so.6.0.17
b6b42000-b6b49000 rw-p 00000000 00:00 0 
b6b49000-b7100000 r-xp 00000000 08:01 1605601    /usr/lib/jvm/java-7-openjdk/jre/lib/i386/client/libjvm.so
b7100000-b7125000 rw-p 005b7000 08:01 1605601    /usr/lib/jvm/java-7-openjdk/jre/lib/i386/client/libjvm.so
b7125000-b753f000 rw-p 00000000 00:00 0 
b753f000-b76ea000 r-xp 00000000 08:01 1569827    /usr/lib/libc-2.17.so
b76ea000-b76ec000 r--p 001ab000 08:01 1569827    /usr/lib/libc-2.17.so
b76ec000-b76ed000 rw-p 001ad000 08:01 1569827    /usr/lib/libc-2.17.so
b76ed000-b76f0000 rw-p 00000000 00:00 0 
b76f0000-b76f3000 r-xp 00000000 08:01 1569874    /usr/lib/libdl-2.17.so
b76f3000-b76f4000 r--p 00002000 08:01 1569874    /usr/lib/libdl-2.17.so
b76f4000-b76f5000 rw-p 00003000 08:01 1569874    /usr/lib/libdl-2.17.so
b76f5000-b76f6000 rw-p 00000000 00:00 0 
b76f6000-b770b000 r-xp 00000000 08:01 1576120    /usr/lib/libz.so.1.2.7
b770b000-b770c000 r--p 00014000 08:01 1576120    /usr/lib/libz.so.1.2.7
b770c000-b770d000 rw-p 00015000 08:01 1576120    /usr/lib/libz.so.1.2.7
b770d000-b7719000 r-xp 00000000 08:01 1605604    /usr/lib/jvm/java-7-openjdk/jre/lib/i386/jli/libjli.so
b7719000-b771a000 rw-p 0000c000 08:01 1605604    /usr/lib/jvm/java-7-openjdk/jre/lib/i386/jli/libjli.so
b771a000-b7731000 r-xp 00000000 08:01 1569868    /usr/lib/libpthread-2.17.so
b7731000-b7732000 r--p 00016000 08:01 1569868    /usr/lib/libpthread-2.17.so
b7732000-b7733000 rw-p 00017000 08:01 1569868    /usr/lib/libpthread-2.17.so
b7733000-b7735000 rw-p 00000000 00:00 0 
b7738000-b7740000 rw-s 00000000 00:1d 10622      /tmp/hsperfdata_james/746
b7740000-b7741000 rw-p 00000000 00:00 0 
b7741000-b7742000 r--p 00000000 00:00 0 
b7742000-b774d000 r-xp 00000000 08:01 1597228    /usr/lib/jvm/java-7-openjdk/jre/lib/i386/libverify.so
b774d000-b774e000 rw-p 0000a000 08:01 1597228    /usr/lib/jvm/java-7-openjdk/jre/lib/i386/libverify.so
b774e000-b774f000 rw-p 00000000 00:00 0 
b774f000-b7750000 r-xp 00000000 00:00 0          [vdso]
b7750000-b7770000 r-xp 00000000 08:01 1569870    /usr/lib/ld-2.17.so
b7770000-b7771000 r--p 0001f000 08:01 1569870    /usr/lib/ld-2.17.so
b7771000-b7772000 rw-p 00020000 08:01 1569870    /usr/lib/ld-2.17.so
bf974000-bf995000 rw-p 00000000 00:00 0          [stack]

VM Arguments:
jvm_args: -Dfile.encoding=ANSI_X3.4-1968 -Xbootclasspath:/home/james/adt-bundle-linux-x86/sdk/platforms/android-4.2/android.jar 
java_command: com.james.erebus.networking.MatchRetriever
Launcher Type: SUN_STANDARD

Environment Variables:
JAVA_HOME=/usr/lib/jvm/java-7-openjdk
PATH=/usr/local/apache-maven-3.0.x/bin:/usr/local/bin:/usr/bin:/bin:/usr/local/sbin:/usr/sbin:/sbin:/opt/maven/bin:/usr/bin/core_perl:/home/james/android-sdk/adt-bundle-linux-x86/sdk/tools:/home/james/android-sdk/adt-bundle-linux-x86/sdk/platform-tools:/opt/maven/bin
USERNAME=james
LD_LIBRARY_PATH=/usr/lib/jvm/java-7-openjdk/jre/lib/i386/client:/usr/lib/jvm/java-7-openjdk/jre/lib/i386:
SHELL=/bin/bash
DISPLAY=:0.0

Signal Handlers:
SIGSEGV: [libjvm.so+0x49e8d0], sa_mask[0]=0x7ffbfeff, sa_flags=0x10000004
SIGBUS: [libjvm.so+0x49e8d0], sa_mask[0]=0x7ffbfeff, sa_flags=0x10000004
SIGFPE: [libjvm.so+0x39d0d0], sa_mask[0]=0x7ffbfeff, sa_flags=0x10000004
SIGPIPE: [libjvm.so+0x39d0d0], sa_mask[0]=0x7ffbfeff, sa_flags=0x10000004
SIGXFSZ: [libjvm.so+0x39d0d0], sa_mask[0]=0x7ffbfeff, sa_flags=0x10000004
SIGILL: [libjvm.so+0x39d0d0], sa_mask[0]=0x7ffbfeff, sa_flags=0x10000004
SIGUSR1: SIG_DFL, sa_mask[0]=0x00000000, sa_flags=0x00000000
SIGUSR2: [libjvm.so+0x39cf80], sa_mask[0]=0x00000004, sa_flags=0x10000004
SIGHUP: SIG_DFL, sa_mask[0]=0x00000000, sa_flags=0x00000000
SIGINT: SIG_DFL, sa_mask[0]=0x00000000, sa_flags=0x00000000
SIGTERM: SIG_DFL, sa_mask[0]=0x00000000, sa_flags=0x00000000
SIGQUIT: SIG_DFL, sa_mask[0]=0x00000000, sa_flags=0x00000000


---------------  S Y S T E M  ---------------

OS:Linux
uname:Linux 3.8.4-1-ARCH #1 SMP PREEMPT Thu Mar 21 07:58:46 CET 2013 i686
libc:glibc 2.17 NPTL 2.17 
rlimit: STACK 8192k, CORE 0k, NPROC 28300, NOFILE 4096, AS infinity
load average:0.08 0.24 0.14

/proc/meminfo:
MemTotal:        3625912 kB
MemFree:         2984652 kB
Buffers:           33400 kB
Cached:           250256 kB
SwapCached:            0 kB
Active:           418260 kB
Inactive:         195660 kB
Active(anon):     330500 kB
Inactive(anon):     3052 kB
Active(file):      87760 kB
Inactive(file):   192608 kB
Unevictable:           0 kB
Mlocked:               0 kB
HighTotal:       2760648 kB
HighFree:        2177748 kB
LowTotal:         865264 kB
LowFree:          806904 kB
SwapTotal:             0 kB
SwapFree:              0 kB
Dirty:                48 kB
Writeback:             0 kB
AnonPages:        330324 kB
Mapped:            62956 kB
Shmem:              3292 kB
Slab:              18676 kB
SReclaimable:      12932 kB
SUnreclaim:         5744 kB
KernelStack:        1232 kB
PageTables:         2160 kB
NFS_Unstable:          0 kB
Bounce:                0 kB
WritebackTmp:          0 kB
CommitLimit:     1812956 kB
Committed_AS:    1535544 kB
VmallocTotal:     122880 kB
VmallocUsed:       48936 kB
VmallocChunk:      68472 kB
HardwareCorrupted:     0 kB
AnonHugePages:    225280 kB
HugePages_Total:       0
HugePages_Free:        0
HugePages_Rsvd:        0
HugePages_Surp:        0
Hugepagesize:       4096 kB
DirectMap4k:       12280 kB
DirectMap4M:      897024 kB


CPU:total 1 (1 cores per cpu, 1 threads per core) family 6 model 58 stepping 9, cmov, cx8, fxsr, mmx, sse, sse2, sse3, ssse3, tsc

/proc/cpuinfo:
processor	: 0
vendor_id	: GenuineIntel
cpu family	: 6
model		: 58
model name	: Intel(R) Core(TM) i5-3570K CPU @ 3.40GHz
stepping	: 9
cpu MHz		: 3273.712
cache size	: 6144 KB
fdiv_bug	: no
hlt_bug		: no
f00f_bug	: no
coma_bug	: no
fpu		: yes
fpu_exception	: yes
cpuid level	: 5
wp		: yes
flags		: fpu vme de pse tsc msr pae mce cx8 apic sep mtrr pge mca cmov pat pse36 clflush mmx fxsr sse sse2 syscall nx rdtscp lm constant_tsc pni monitor ssse3 lahf_lm
bogomips	: 6550.23
clflush size	: 64
cache_alignment	: 64
address sizes	: 36 bits physical, 48 bits virtual
power management:



Memory: 4k page, physical 3625912k(2984652k free), swap 0k(0k free)

vm_info: OpenJDK Client VM (23.7-b01) for linux-x86 JRE (1.7.0_17-b02), built on Mar 12 2013 17:57:40 by "nobody" with gcc 4.7.2

time: Sat Mar 30 11:19:25 2013
elapsed time: 0 seconds

